# JRE version: Java(TM) SE Runtime Environment (18.0.1.1+2) (build 18.0.1.1+2-6)
# Java VM: Java HotSpot(TM) 64-Bit Server VM (18.0.1.1+2-6, mixed mode, sharing, tiered, compressed oops, compressed class ptrs, g1 gc, windows-amd64)
GC Precious Log:
 CardTable entry size: 512
 Card Set container configuration: InlinePtr #cards 5 size 8 Array Of Cards #cards 12 size 40 Howl #buckets 4 coarsen threshold 1843 Howl Bitmap #cards 512 size 80 coarsen threshold 460 Card regions per heap region 1 cards per card region 2048
 CPUs: 12 total, 12 available
 Memory: 3405M
 Large Page Support: Disabled
 NUMA Support: Disabled
 Compressed Oops: Enabled (32-bit)
 Heap Region Size: 1M
 Heap Min Capacity: 8M
 Heap Initial Capacity: 54M
 Heap Max Capacity: 2G
 Pre-touch: Disabled
 Parallel Workers: 10
 Concurrent Workers: 3
 Concurrent Refinement Workers: 10
 Periodic GC: Disabled
Heap:
 garbage-first heap   total 202752K, used 83824K [0x0000000080000000, 0x0000000100000000)
  region size 1024K, 17 young (17408K), 5 survivors (5120K)
 Metaspace       used 75543K, committed 77440K, reserved 552960K
  class space    used 10096K, committed 11072K, reserved 421888K
GC Heap History (20 events):
Event: 25.296 GC heap before
{Heap before GC invocations=27 (full 0):
 garbage-first heap   total 66560K, used 52806K [0x0000000080000000, 0x0000000100000000)
  region size 1024K, 18 young (18432K), 3 survivors (3072K)
 Metaspace       used 47905K, committed 49280K, reserved 487424K
  class space    used 6944K, committed 7616K, reserved 421888K
}
Event: 25.315 GC heap after
{Heap after GC invocations=28 (full 0):
 garbage-first heap   total 79872K, used 39057K [0x0000000080000000, 0x0000000100000000)
  region size 1024K, 2 young (2048K), 2 survivors (2048K)
 Metaspace       used 47905K, committed 49280K, reserved 487424K
  class space    used 6944K, committed 7616K, reserved 421888K
}
Event: 26.142 GC heap before
{Heap before GC invocations=29 (full 0):
 garbage-first heap   total 79872K, used 67729K [0x0000000080000000, 0x0000000100000000)
  region size 1024K, 27 young (27648K), 2 survivors (2048K)
 Metaspace       used 51891K, committed 53248K, reserved 487424K
  class space    used 7396K, committed 8064K, reserved 421888K
}
Event: 26.145 GC heap after
{Heap after GC invocations=30 (full 0):
 garbage-first heap   total 79872K, used 43931K [0x0000000080000000, 0x0000000100000000)
  region size 1024K, 3 young (3072K), 3 survivors (3072K)
 Metaspace       used 51891K, committed 53248K, reserved 487424K
  class space    used 7396K, committed 8064K, reserved 421888K
}
Event: 26.185 GC heap before
{Heap before GC invocations=30 (full 0):
 garbage-first heap   total 79872K, used 44955K [0x0000000080000000, 0x0000000100000000)
  region size 1024K, 4 young (4096K), 3 survivors (3072K)
 Metaspace       used 52067K, committed 53440K, reserved 487424K
  class space    used 7418K, committed 8128K, reserved 421888K
}
Event: 26.203 GC heap after
{Heap after GC invocations=31 (full 0):
 garbage-first heap   total 79872K, used 43826K [0x0000000080000000, 0x0000000100000000)
  region size 1024K, 1 young (1024K), 1 survivors (1024K)
 Metaspace       used 52067K, committed 53440K, reserved 487424K
  class space    used 7418K, committed 8128K, reserved 421888K
}
Event: 27.729 GC heap before
{Heap before GC invocations=31 (full 0):
 garbage-first heap   total 79872K, used 62258K [0x0000000080000000, 0x0000000100000000)
  region size 1024K, 21 young (21504K), 1 survivors (1024K)
 Metaspace       used 55741K, committed 57216K, reserved 487424K
  class space    used 7894K, committed 8640K, reserved 421888K
}
Event: 27.732 GC heap after
{Heap after GC invocations=32 (full 0):
 garbage-first heap   total 79872K, used 44090K [0x0000000080000000, 0x0000000100000000)
  region size 1024K, 1 young (1024K), 1 survivors (1024K)
 Metaspace       used 55741K, committed 57216K, reserved 487424K
  class space    used 7894K, committed 8640K, reserved 421888K
}
Event: 28.036 GC heap before
{Heap before GC invocations=33 (full 0):
 garbage-first heap   total 87040K, used 71738K [0x0000000080000000, 0x0000000100000000)
  region size 1024K, 23 young (23552K), 1 survivors (1024K)
 Metaspace       used 55839K, committed 57344K, reserved 487424K
  class space    used 7901K, committed 8640K, reserved 421888K
}
Event: 28.048 GC heap after
{Heap after GC invocations=34 (full 0):
 garbage-first heap   total 87040K, used 57865K [0x0000000080000000, 0x0000000100000000)
  region size 1024K, 3 young (3072K), 3 survivors (3072K)
 Metaspace       used 55839K, committed 57344K, reserved 487424K
  class space    used 7901K, committed 8640K, reserved 421888K
}
Event: 28.218 GC heap before
{Heap before GC invocations=34 (full 0):
 garbage-first heap   total 87040K, used 69129K [0x0000000080000000, 0x0000000100000000)
  region size 1024K, 15 young (15360K), 3 survivors (3072K)
 Metaspace       used 56079K, committed 57536K, reserved 487424K
  class space    used 7922K, committed 8704K, reserved 421888K
}
Event: 28.225 GC heap after
{Heap after GC invocations=35 (full 0):
 garbage-first heap   total 87040K, used 55221K [0x0000000080000000, 0x0000000100000000)
  region size 1024K, 2 young (2048K), 2 survivors (2048K)
 Metaspace       used 56079K, committed 57536K, reserved 487424K
  class space    used 7922K, committed 8704K, reserved 421888K
}
Event: 28.499 GC heap before
{Heap before GC invocations=36 (full 0):
 garbage-first heap   total 101376K, used 67509K [0x0000000080000000, 0x0000000100000000)
  region size 1024K, 14 young (14336K), 2 survivors (2048K)
 Metaspace       used 57078K, committed 58624K, reserved 487424K
  class space    used 8051K, committed 8832K, reserved 421888K
}
Event: 28.501 GC heap after
{Heap after GC invocations=37 (full 0):
 garbage-first heap   total 101376K, used 55960K [0x0000000080000000, 0x0000000100000000)
  region size 1024K, 1 young (1024K), 1 survivors (1024K)
 Metaspace       used 57078K, committed 58624K, reserved 487424K
  class space    used 8051K, committed 8832K, reserved 421888K
}
Event: 28.594 GC heap before
{Heap before GC invocations=37 (full 0):
 garbage-first heap   total 101376K, used 59032K [0x0000000080000000, 0x0000000100000000)
  region size 1024K, 4 young (4096K), 1 survivors (1024K)
 Metaspace       used 57612K, committed 59136K, reserved 487424K
  class space    used 8110K, committed 8896K, reserved 421888K
}
Event: 28.599 GC heap after
{Heap after GC invocations=38 (full 0):
 garbage-first heap   total 202752K, used 55863K [0x0000000080000000, 0x0000000100000000)
  region size 1024K, 1 young (1024K), 1 survivors (1024K)
 Metaspace       used 57612K, committed 59136K, reserved 487424K
  class space    used 8110K, committed 8896K, reserved 421888K
}
Event: 30.479 GC heap before
{Heap before GC invocations=38 (full 0):
 garbage-first heap   total 202752K, used 131639K [0x0000000080000000, 0x0000000100000000)
  region size 1024K, 70 young (71680K), 1 survivors (1024K)
 Metaspace       used 66775K, committed 68480K, reserved 487424K
  class space    used 9028K, committed 9920K, reserved 421888K
}
Event: 30.502 GC heap after
{Heap after GC invocations=39 (full 0):
 garbage-first heap   total 202752K, used 68238K [0x0000000080000000, 0x0000000100000000)
  region size 1024K, 7 young (7168K), 7 survivors (7168K)
 Metaspace       used 66775K, committed 68480K, reserved 487424K
  class space    used 9028K, committed 9920K, reserved 421888K
}
Event: 32.539 GC heap before
{Heap before GC invocations=39 (full 0):
 garbage-first heap   total 202752K, used 149134K [0x0000000080000000, 0x0000000100000000)
  region size 1024K, 85 young (87040K), 7 survivors (7168K)
 Metaspace       used 74869K, committed 76672K, reserved 552960K
  class space    used 10018K, committed 10944K, reserved 421888K
}
Event: 32.601 GC heap after
{Heap after GC invocations=40 (full 0):
 garbage-first heap   total 202752K, used 72560K [0x0000000080000000, 0x0000000100000000)
  region size 1024K, 5 young (5120K), 5 survivors (5120K)
 Metaspace       used 74869K, committed 76672K, reserved 552960K
  class space    used 10018K, committed 10944K, reserved 421888K
}

