# JRE version: Java(TM) SE Runtime Environment (18.0.1.1+2) (build 18.0.1.1+2-6)
# Java VM: Java HotSpot(TM) 64-Bit Server VM (18.0.1.1+2-6, mixed mode, sharing, tiered, compressed oops, compressed class ptrs, g1 gc, windows-amd64)
GC Precious Log:
 CardTable entry size: 512
 Card Set container configuration: InlinePtr #cards 5 size 8 Array Of Cards #cards 12 size 40 Howl #buckets 4 coarsen threshold 1843 Howl Bitmap #cards 512 size 80 coarsen threshold 460 Card regions per heap region 1 cards per card region 2048
 CPUs: 12 total, 12 available
 Memory: 3405M
 Large Page Support: Disabled
 NUMA Support: Disabled
 Compressed Oops: Enabled (32-bit)
 Heap Region Size: 1M
 Heap Min Capacity: 8M
 Heap Initial Capacity: 54M
 Heap Max Capacity: 2G
 Pre-touch: Disabled
 Parallel Workers: 10
 Concurrent Workers: 3
 Concurrent Refinement Workers: 10
 Periodic GC: Disabled
Heap:
 garbage-first heap   total 268288K, used 107493K [0x0000000080000000, 0x0000000100000000)
  region size 1024K, 1 young (1024K), 1 survivors (1024K)
 Metaspace       used 97001K, committed 99200K, reserved 552960K
  class space    used 13262K, committed 14400K, reserved 421888K
GC Heap History (20 events):
Event: 57.971 GC heap after
{Heap after GC invocations=52 (full 0):
 garbage-first heap   total 138240K, used 81190K [0x0000000080000000, 0x0000000100000000)
  region size 1024K, 3 young (3072K), 3 survivors (3072K)
 Metaspace       used 76308K, committed 78272K, reserved 552960K
  class space    used 10490K, committed 11520K, reserved 421888K
}
Event: 61.196 GC heap before
{Heap before GC invocations=52 (full 0):
 garbage-first heap   total 138240K, used 84262K [0x0000000080000000, 0x0000000100000000)
  region size 1024K, 6 young (6144K), 3 survivors (3072K)
 Metaspace       used 76384K, committed 78400K, reserved 552960K
  class space    used 10504K, committed 11584K, reserved 421888K
}
Event: 61.238 GC heap after
{Heap after GC invocations=53 (full 0):
 garbage-first heap   total 138240K, used 80912K [0x0000000080000000, 0x0000000100000000)
  region size 1024K, 1 young (1024K), 1 survivors (1024K)
 Metaspace       used 76384K, committed 78400K, reserved 552960K
  class space    used 10504K, committed 11584K, reserved 421888K
}
Event: 61.693 GC heap before
{Heap before GC invocations=53 (full 0):
 garbage-first heap   total 138240K, used 109584K [0x0000000080000000, 0x0000000100000000)
  region size 1024K, 29 young (29696K), 1 survivors (1024K)
 Metaspace       used 76589K, committed 78656K, reserved 552960K
  class space    used 10541K, committed 11584K, reserved 421888K
}
Event: 61.701 GC heap after
{Heap after GC invocations=54 (full 0):
 garbage-first heap   total 268288K, used 82994K [0x0000000080000000, 0x0000000100000000)
  region size 1024K, 3 young (3072K), 3 survivors (3072K)
 Metaspace       used 76589K, committed 78656K, reserved 552960K
  class space    used 10541K, committed 11584K, reserved 421888K
}
Event: 79.854 GC heap before
{Heap before GC invocations=55 (full 0):
 garbage-first heap   total 268288K, used 196658K [0x0000000080000000, 0x0000000100000000)
  region size 1024K, 114 young (116736K), 3 survivors (3072K)
 Metaspace       used 86746K, committed 88832K, reserved 552960K
  class space    used 12189K, committed 13248K, reserved 421888K
}
Event: 79.965 GC heap after
{Heap after GC invocations=56 (full 0):
 garbage-first heap   total 268288K, used 91333K [0x0000000080000000, 0x0000000100000000)
  region size 1024K, 11 young (11264K), 11 survivors (11264K)
 Metaspace       used 86746K, committed 88832K, reserved 552960K
  class space    used 12189K, committed 13248K, reserved 421888K
}
Event: 80.182 GC heap before
{Heap before GC invocations=56 (full 0):
 garbage-first heap   total 268288K, used 93381K [0x0000000080000000, 0x0000000100000000)
  region size 1024K, 13 young (13312K), 11 survivors (11264K)
 Metaspace       used 86982K, committed 89088K, reserved 552960K
  class space    used 12223K, committed 13312K, reserved 421888K
}
Event: 80.437 GC heap after
{Heap after GC invocations=57 (full 0):
 garbage-first heap   total 268288K, used 92708K [0x0000000080000000, 0x0000000100000000)
  region size 1024K, 2 young (2048K), 2 survivors (2048K)
 Metaspace       used 86982K, committed 89088K, reserved 552960K
  class space    used 12223K, committed 13312K, reserved 421888K
}
Event: 82.564 GC heap before
{Heap before GC invocations=57 (full 0):
 garbage-first heap   total 268288K, used 189988K [0x0000000080000000, 0x0000000100000000)
  region size 1024K, 98 young (100352K), 2 survivors (2048K)
 Metaspace       used 89307K, committed 91456K, reserved 552960K
  class space    used 12454K, committed 13568K, reserved 421888K
}
Event: 82.569 GC heap after
{Heap after GC invocations=58 (full 0):
 garbage-first heap   total 268288K, used 94110K [0x0000000080000000, 0x0000000100000000)
  region size 1024K, 4 young (4096K), 4 survivors (4096K)
 Metaspace       used 89307K, committed 91456K, reserved 552960K
  class space    used 12454K, committed 13568K, reserved 421888K
}
Event: 88.701 GC heap before
{Heap before GC invocations=58 (full 0):
 garbage-first heap   total 268288K, used 208798K [0x0000000080000000, 0x0000000100000000)
  region size 1024K, 116 young (118784K), 4 survivors (4096K)
 Metaspace       used 94657K, committed 96896K, reserved 552960K
  class space    used 13038K, committed 14208K, reserved 421888K
}
Event: 88.726 GC heap after
{Heap after GC invocations=59 (full 0):
 garbage-first heap   total 268288K, used 95392K [0x0000000080000000, 0x0000000100000000)
  region size 1024K, 5 young (5120K), 5 survivors (5120K)
 Metaspace       used 94657K, committed 96896K, reserved 552960K
  class space    used 13038K, committed 14208K, reserved 421888K
}
Event: 127.920 GC heap before
{Heap before GC invocations=59 (full 0):
 garbage-first heap   total 268288K, used 215200K [0x0000000080000000, 0x0000000100000000)
  region size 1024K, 122 young (124928K), 5 survivors (5120K)
 Metaspace       used 96952K, committed 99200K, reserved 552960K
  class space    used 13261K, committed 14400K, reserved 421888K
}
Event: 128.069 GC heap after
{Heap after GC invocations=60 (full 0):
 garbage-first heap   total 268288K, used 102896K [0x0000000080000000, 0x0000000100000000)
  region size 1024K, 12 young (12288K), 12 survivors (12288K)
 Metaspace       used 96952K, committed 99200K, reserved 552960K
  class space    used 13261K, committed 14400K, reserved 421888K
}
Event: 140.143 GC heap before
{Heap before GC invocations=61 (full 0):
 garbage-first heap   total 268288K, used 216560K [0x0000000080000000, 0x0000000100000000)
  region size 1024K, 123 young (125952K), 12 survivors (12288K)
 Metaspace       used 96996K, committed 99200K, reserved 552960K
  class space    used 13262K, committed 14400K, reserved 421888K
}
Event: 140.374 GC heap after
{Heap after GC invocations=62 (full 0):
 garbage-first heap   total 268288K, used 108113K [0x0000000080000000, 0x0000000100000000)
  region size 1024K, 13 young (13312K), 13 survivors (13312K)
 Metaspace       used 96996K, committed 99200K, reserved 552960K
  class space    used 13262K, committed 14400K, reserved 421888K
}
Event: 140.438 GC heap before
{Heap before GC invocations=62 (full 0):
 garbage-first heap   total 268288K, used 109137K [0x0000000080000000, 0x0000000100000000)
  region size 1024K, 14 young (14336K), 13 survivors (13312K)
 Metaspace       used 96996K, committed 99200K, reserved 552960K
  class space    used 13262K, committed 14400K, reserved 421888K
}
Event: 140.549 GC heap after
{Heap after GC invocations=63 (full 0):
 garbage-first heap   total 268288K, used 108117K [0x0000000080000000, 0x0000000100000000)
  region size 1024K, 1 young (1024K), 1 survivors (1024K)
 Metaspace       used 96996K, committed 99200K, reserved 552960K
  class space    used 13262K, committed 14400K, reserved 421888K
}
Event: 147.593 GC heap before
{Heap before GC invocations=63 (full 0):
 garbage-first heap   total 268288K, used 216661K [0x0000000080000000, 0x0000000100000000)
  region size 1024K, 107 young (109568K), 1 survivors (1024K)
 Metaspace       used 97001K, committed 99200K, reserved 552960K
  class space    used 13262K, committed 14400K, reserved 421888K
}

