# JRE version: Java(TM) SE Runtime Environment (18.0.1.1+2) (build 18.0.1.1+2-6)
# Java VM: Java HotSpot(TM) 64-Bit Server VM (18.0.1.1+2-6, mixed mode, sharing, tiered, compressed oops, compressed class ptrs, g1 gc, windows-amd64)
GC Precious Log:
 CardTable entry size: 512
 Card Set container configuration: InlinePtr #cards 5 size 8 Array Of Cards #cards 12 size 40 Howl #buckets 4 coarsen threshold 1843 Howl Bitmap #cards 512 size 80 coarsen threshold 460 Card regions per heap region 1 cards per card region 2048
 CPUs: 12 total, 12 available
 Memory: 3405M
 Large Page Support: Disabled
 NUMA Support: Disabled
 Compressed Oops: Enabled (32-bit)
 Heap Region Size: 1M
 Heap Min Capacity: 8M
 Heap Initial Capacity: 54M
 Heap Max Capacity: 2G
 Pre-touch: Disabled
 Parallel Workers: 10
 Concurrent Workers: 3
 Concurrent Refinement Workers: 10
 Periodic GC: Disabled
Heap:
 garbage-first heap   total 115712K, used 80415K [0x0000000080000000, 0x0000000100000000)
  region size 1024K, 38 young (38912K), 2 survivors (2048K)
 Metaspace       used 49510K, committed 51328K, reserved 487424K
  class space    used 6993K, committed 7936K, reserved 421888K
GC Heap History (20 events):
Event: 15.352 GC heap before
{Heap before GC invocations=12 (full 0):
 garbage-first heap   total 55296K, used 42485K [0x0000000080000000, 0x0000000100000000)
  region size 1024K, 17 young (17408K), 3 survivors (3072K)
 Metaspace       used 31197K, committed 32384K, reserved 487424K
  class space    used 4420K, committed 4992K, reserved 421888K
}
Event: 15.358 GC heap after
{Heap after GC invocations=13 (full 0):
 garbage-first heap   total 55296K, used 28578K [0x0000000080000000, 0x0000000100000000)
  region size 1024K, 2 young (2048K), 2 survivors (2048K)
 Metaspace       used 31197K, committed 32384K, reserved 487424K
  class space    used 4420K, committed 4992K, reserved 421888K
}
Event: 15.629 GC heap before
{Heap before GC invocations=14 (full 0):
 garbage-first heap   total 55296K, used 36770K [0x0000000080000000, 0x0000000100000000)
  region size 1024K, 11 young (11264K), 2 survivors (2048K)
 Metaspace       used 31995K, committed 33216K, reserved 487424K
  class space    used 4537K, committed 5120K, reserved 421888K
}
Event: 15.634 GC heap after
{Heap after GC invocations=15 (full 0):
 garbage-first heap   total 66560K, used 30235K [0x0000000080000000, 0x0000000100000000)
  region size 1024K, 2 young (2048K), 2 survivors (2048K)
 Metaspace       used 31995K, committed 33216K, reserved 487424K
  class space    used 4537K, committed 5120K, reserved 421888K
}
Event: 15.645 GC heap before
{Heap before GC invocations=15 (full 0):
 garbage-first heap   total 66560K, used 31259K [0x0000000080000000, 0x0000000100000000)
  region size 1024K, 3 young (3072K), 2 survivors (2048K)
 Metaspace       used 31998K, committed 33216K, reserved 487424K
  class space    used 4537K, committed 5120K, reserved 421888K
}
Event: 15.647 GC heap after
{Heap after GC invocations=16 (full 0):
 garbage-first heap   total 66560K, used 30661K [0x0000000080000000, 0x0000000100000000)
  region size 1024K, 2 young (2048K), 2 survivors (2048K)
 Metaspace       used 31998K, committed 33216K, reserved 487424K
  class space    used 4537K, committed 5120K, reserved 421888K
}
Event: 18.651 GC heap before
{Heap before GC invocations=16 (full 0):
 garbage-first heap   total 66560K, used 54213K [0x0000000080000000, 0x0000000100000000)
  region size 1024K, 23 young (23552K), 2 survivors (2048K)
 Metaspace       used 34185K, committed 35456K, reserved 487424K
  class space    used 4770K, committed 5376K, reserved 421888K
}
Event: 18.655 GC heap after
{Heap after GC invocations=17 (full 0):
 garbage-first heap   total 66560K, used 31827K [0x0000000080000000, 0x0000000100000000)
  region size 1024K, 3 young (3072K), 3 survivors (3072K)
 Metaspace       used 34185K, committed 35456K, reserved 487424K
  class space    used 4770K, committed 5376K, reserved 421888K
}
Event: 41.482 GC heap before
{Heap before GC invocations=17 (full 0):
 garbage-first heap   total 66560K, used 52307K [0x0000000080000000, 0x0000000100000000)
  region size 1024K, 23 young (23552K), 3 survivors (3072K)
 Metaspace       used 35786K, committed 37248K, reserved 487424K
  class space    used 5011K, committed 5760K, reserved 421888K
}
Event: 41.511 GC heap after
{Heap after GC invocations=18 (full 0):
 garbage-first heap   total 66560K, used 33883K [0x0000000080000000, 0x0000000100000000)
  region size 1024K, 2 young (2048K), 2 survivors (2048K)
 Metaspace       used 35786K, committed 37248K, reserved 487424K
  class space    used 5011K, committed 5760K, reserved 421888K
}
Event: 41.824 GC heap before
{Heap before GC invocations=18 (full 0):
 garbage-first heap   total 66560K, used 43099K [0x0000000080000000, 0x0000000100000000)
  region size 1024K, 13 young (13312K), 2 survivors (2048K)
 Metaspace       used 36160K, committed 37568K, reserved 487424K
  class space    used 5048K, committed 5760K, reserved 421888K
}
Event: 41.844 GC heap after
{Heap after GC invocations=19 (full 0):
 garbage-first heap   total 66560K, used 35376K [0x0000000080000000, 0x0000000100000000)
  region size 1024K, 2 young (2048K), 2 survivors (2048K)
 Metaspace       used 36160K, committed 37568K, reserved 487424K
  class space    used 5048K, committed 5760K, reserved 421888K
}
Event: 42.450 GC heap before
{Heap before GC invocations=20 (full 0):
 garbage-first heap   total 66560K, used 53808K [0x0000000080000000, 0x0000000100000000)
  region size 1024K, 19 young (19456K), 2 survivors (2048K)
 Metaspace       used 38838K, committed 40384K, reserved 487424K
  class space    used 5417K, committed 6208K, reserved 421888K
}
Event: 42.453 GC heap after
{Heap after GC invocations=21 (full 0):
 garbage-first heap   total 66560K, used 35815K [0x0000000080000000, 0x0000000100000000)
  region size 1024K, 2 young (2048K), 2 survivors (2048K)
 Metaspace       used 38838K, committed 40384K, reserved 487424K
  class space    used 5417K, committed 6208K, reserved 421888K
}
Event: 43.006 GC heap before
{Heap before GC invocations=21 (full 0):
 garbage-first heap   total 66560K, used 52199K [0x0000000080000000, 0x0000000100000000)
  region size 1024K, 19 young (19456K), 2 survivors (2048K)
 Metaspace       used 40753K, committed 42304K, reserved 487424K
  class space    used 5736K, committed 6528K, reserved 421888K
}
Event: 43.016 GC heap after
{Heap after GC invocations=22 (full 0):
 garbage-first heap   total 66560K, used 37535K [0x0000000080000000, 0x0000000100000000)
  region size 1024K, 3 young (3072K), 3 survivors (3072K)
 Metaspace       used 40753K, committed 42304K, reserved 487424K
  class space    used 5736K, committed 6528K, reserved 421888K
}
Event: 43.507 GC heap before
{Heap before GC invocations=23 (full 0):
 garbage-first heap   total 66560K, used 53919K [0x0000000080000000, 0x0000000100000000)
  region size 1024K, 19 young (19456K), 3 survivors (3072K)
 Metaspace       used 42940K, committed 44544K, reserved 487424K
  class space    used 6055K, committed 6912K, reserved 421888K
}
Event: 43.522 GC heap after
{Heap after GC invocations=24 (full 0):
 garbage-first heap   total 66560K, used 38407K [0x0000000080000000, 0x0000000100000000)
  region size 1024K, 1 young (1024K), 1 survivors (1024K)
 Metaspace       used 42940K, committed 44544K, reserved 487424K
  class space    used 6055K, committed 6912K, reserved 421888K
}
Event: 44.112 GC heap before
{Heap before GC invocations=24 (full 0):
 garbage-first heap   total 66560K, used 54791K [0x0000000080000000, 0x0000000100000000)
  region size 1024K, 17 young (17408K), 1 survivors (1024K)
 Metaspace       used 44638K, committed 46336K, reserved 487424K
  class space    used 6300K, committed 7168K, reserved 421888K
}
Event: 44.117 GC heap after
{Heap after GC invocations=25 (full 0):
 garbage-first heap   total 115712K, used 39455K [0x0000000080000000, 0x0000000100000000)
  region size 1024K, 2 young (2048K), 2 survivors (2048K)
 Metaspace       used 44638K, committed 46336K, reserved 487424K
  class space    used 6300K, committed 7168K, reserved 421888K
}

