# JRE version: Java(TM) SE Runtime Environment (18.0.1.1+2) (build 18.0.1.1+2-6)
# Java VM: Java HotSpot(TM) 64-Bit Server VM (18.0.1.1+2-6, mixed mode, sharing, tiered, compressed oops, compressed class ptrs, g1 gc, windows-amd64)
GC Precious Log:
 CardTable entry size: 512
 Card Set container configuration: InlinePtr #cards 5 size 8 Array Of Cards #cards 12 size 40 Howl #buckets 4 coarsen threshold 1843 Howl Bitmap #cards 512 size 80 coarsen threshold 460 Card regions per heap region 1 cards per card region 2048
 CPUs: 12 total, 12 available
 Memory: 3405M
 Large Page Support: Disabled
 NUMA Support: Disabled
 Compressed Oops: Enabled (32-bit)
 Heap Region Size: 1M
 Heap Min Capacity: 8M
 Heap Initial Capacity: 54M
 Heap Max Capacity: 2G
 Pre-touch: Disabled
 Parallel Workers: 10
 Concurrent Workers: 3
 Concurrent Refinement Workers: 10
 Periodic GC: Disabled
Heap:
 garbage-first heap   total 242688K, used 100313K [0x0000000080000000, 0x0000000100000000)
  region size 1024K, 1 young (1024K), 1 survivors (1024K)
 Metaspace       used 94109K, committed 96320K, reserved 552960K
  class space    used 12956K, committed 14144K, reserved 421888K
GC Heap History (20 events):
Event: 88.743 GC heap after
{Heap after GC invocations=51 (full 0):
 garbage-first heap   total 122880K, used 72920K [0x0000000080000000, 0x0000000100000000)
  region size 1024K, 1 young (1024K), 1 survivors (1024K)
 Metaspace       used 66649K, committed 68672K, reserved 487424K
  class space    used 9319K, committed 10368K, reserved 421888K
}
Event: 89.773 GC heap before
{Heap before GC invocations=51 (full 0):
 garbage-first heap   total 122880K, used 89304K [0x0000000080000000, 0x0000000100000000)
  region size 1024K, 18 young (18432K), 1 survivors (1024K)
 Metaspace       used 69187K, committed 71168K, reserved 487424K
  class space    used 9588K, committed 10624K, reserved 421888K
}
Event: 89.784 GC heap after
{Heap after GC invocations=52 (full 0):
 garbage-first heap   total 122880K, used 73487K [0x0000000080000000, 0x0000000100000000)
  region size 1024K, 1 young (1024K), 1 survivors (1024K)
 Metaspace       used 69187K, committed 71168K, reserved 487424K
  class space    used 9588K, committed 10624K, reserved 421888K
}
Event: 90.630 GC heap before
{Heap before GC invocations=53 (full 0):
 garbage-first heap   total 130048K, used 94991K [0x0000000080000000, 0x0000000100000000)
  region size 1024K, 19 young (19456K), 1 survivors (1024K)
 Metaspace       used 71530K, committed 73472K, reserved 487424K
  class space    used 9856K, committed 10880K, reserved 421888K
}
Event: 90.658 GC heap after
{Heap after GC invocations=54 (full 0):
 garbage-first heap   total 130048K, used 79976K [0x0000000080000000, 0x0000000100000000)
  region size 1024K, 3 young (3072K), 3 survivors (3072K)
 Metaspace       used 71530K, committed 73472K, reserved 487424K
  class space    used 9856K, committed 10880K, reserved 421888K
}
Event: 90.668 GC heap before
{Heap before GC invocations=54 (full 0):
 garbage-first heap   total 130048K, used 83048K [0x0000000080000000, 0x0000000100000000)
  region size 1024K, 6 young (6144K), 3 survivors (3072K)
 Metaspace       used 71530K, committed 73472K, reserved 487424K
  class space    used 9856K, committed 10880K, reserved 421888K
}
Event: 90.697 GC heap after
{Heap after GC invocations=55 (full 0):
 garbage-first heap   total 206848K, used 81521K [0x0000000080000000, 0x0000000100000000)
  region size 1024K, 1 young (1024K), 1 survivors (1024K)
 Metaspace       used 71530K, committed 73472K, reserved 487424K
  class space    used 9856K, committed 10880K, reserved 421888K
}
Event: 92.700 GC heap before
{Heap before GC invocations=55 (full 0):
 garbage-first heap   total 206848K, used 137841K [0x0000000080000000, 0x0000000100000000)
  region size 1024K, 54 young (55296K), 1 survivors (1024K)
 Metaspace       used 76263K, committed 78272K, reserved 552960K
  class space    used 10450K, committed 11520K, reserved 421888K
}
Event: 92.713 GC heap after
{Heap after GC invocations=56 (full 0):
 garbage-first heap   total 206848K, used 85093K [0x0000000080000000, 0x0000000100000000)
  region size 1024K, 4 young (4096K), 4 survivors (4096K)
 Metaspace       used 76263K, committed 78272K, reserved 552960K
  class space    used 10450K, committed 11520K, reserved 421888K
}
Event: 123.510 GC heap before
{Heap before GC invocations=56 (full 0):
 garbage-first heap   total 206848K, used 151653K [0x0000000080000000, 0x0000000100000000)
  region size 1024K, 69 young (70656K), 4 survivors (4096K)
 Metaspace       used 78918K, committed 81024K, reserved 552960K
  class space    used 10861K, committed 11968K, reserved 421888K
}
Event: 123.648 GC heap after
{Heap after GC invocations=57 (full 0):
 garbage-first heap   total 206848K, used 90904K [0x0000000080000000, 0x0000000100000000)
  region size 1024K, 9 young (9216K), 9 survivors (9216K)
 Metaspace       used 78918K, committed 81024K, reserved 552960K
  class space    used 10861K, committed 11968K, reserved 421888K
}
Event: 130.856 GC heap before
{Heap before GC invocations=57 (full 0):
 garbage-first heap   total 206848K, used 154392K [0x0000000080000000, 0x0000000100000000)
  region size 1024K, 71 young (72704K), 9 survivors (9216K)
 Metaspace       used 85141K, committed 87296K, reserved 552960K
  class space    used 11907K, committed 12992K, reserved 421888K
}
Event: 131.124 GC heap after
{Heap after GC invocations=58 (full 0):
 garbage-first heap   total 206848K, used 95822K [0x0000000080000000, 0x0000000100000000)
  region size 1024K, 5 young (5120K), 5 survivors (5120K)
 Metaspace       used 85141K, committed 87296K, reserved 552960K
  class space    used 11907K, committed 12992K, reserved 421888K
}
Event: 142.451 GC heap before
{Heap before GC invocations=58 (full 0):
 garbage-first heap   total 206848K, used 159310K [0x0000000080000000, 0x0000000100000000)
  region size 1024K, 67 young (68608K), 5 survivors (5120K)
 Metaspace       used 93502K, committed 95680K, reserved 552960K
  class space    used 12914K, committed 14016K, reserved 421888K
}
Event: 142.684 GC heap after
{Heap after GC invocations=59 (full 0):
 garbage-first heap   total 206848K, used 101834K [0x0000000080000000, 0x0000000100000000)
  region size 1024K, 9 young (9216K), 9 survivors (9216K)
 Metaspace       used 93502K, committed 95680K, reserved 552960K
  class space    used 12914K, committed 14016K, reserved 421888K
}
Event: 143.230 GC heap before
{Heap before GC invocations=59 (full 0):
 garbage-first heap   total 206848K, used 125386K [0x0000000080000000, 0x0000000100000000)
  region size 1024K, 33 young (33792K), 9 survivors (9216K)
 Metaspace       used 93767K, committed 95936K, reserved 552960K
  class space    used 12925K, committed 14080K, reserved 421888K
}
Event: 143.334 GC heap after
{Heap after GC invocations=60 (full 0):
 garbage-first heap   total 206848K, used 105833K [0x0000000080000000, 0x0000000100000000)
  region size 1024K, 5 young (5120K), 5 survivors (5120K)
 Metaspace       used 93767K, committed 95936K, reserved 552960K
  class space    used 12925K, committed 14080K, reserved 421888K
}
Event: 144.725 GC heap before
{Heap before GC invocations=61 (full 0):
 garbage-first heap   total 242688K, used 160105K [0x0000000080000000, 0x0000000100000000)
  region size 1024K, 62 young (63488K), 5 survivors (5120K)
 Metaspace       used 94070K, committed 96320K, reserved 552960K
  class space    used 12952K, committed 14144K, reserved 421888K
}
Event: 144.809 GC heap after
{Heap after GC invocations=62 (full 0):
 garbage-first heap   total 242688K, used 101477K [0x0000000080000000, 0x0000000100000000)
  region size 1024K, 2 young (2048K), 2 survivors (2048K)
 Metaspace       used 94070K, committed 96320K, reserved 552960K
  class space    used 12952K, committed 14144K, reserved 421888K
}
Event: 144.939 GC heap before
{Heap before GC invocations=62 (full 0):
 garbage-first heap   total 242688K, used 110693K [0x0000000080000000, 0x0000000100000000)
  region size 1024K, 11 young (11264K), 2 survivors (2048K)
 Metaspace       used 94109K, committed 96320K, reserved 552960K
  class space    used 12956K, committed 14144K, reserved 421888K
}

